This is XeTeX, Version 3.14159265-2.6-0.999991 (TeX Live 2019) (preloaded format=xelatex 2019.7.30)  30 MAR 2021 12:26
entering extended mode
 restricted \write18 enabled.
 %&-line parsing enabled.
**QuantLife.tex
(./QuantLife.tex
LaTeX2e <2018-12-01>
(/usr/local/texlive/2019/texmf-dist/tex/latex/base/book.cls
Document Class: book 2018/09/03 v1.4i Standard LaTeX document class
(/usr/local/texlive/2019/texmf-dist/tex/latex/base/bk10.clo
File: bk10.clo 2018/09/03 v1.4i Standard LaTeX file (size option)
)
\c@part=\count80
\c@chapter=\count81
\c@section=\count82
\c@subsection=\count83
\c@subsubsection=\count84
\c@paragraph=\count85
\c@subparagraph=\count86
\c@figure=\count87
\c@table=\count88
\abovecaptionskip=\skip41
\belowcaptionskip=\skip42
\bibindent=\dimen102
) (/usr/local/texlive/2019/texmf-dist/tex/latex/lm/lmodern.sty
Package: lmodern 2009/10/30 v1.6 Latin Modern Fonts
LaTeX Font Info:    Overwriting symbol font `operators' in version `normal'
(Font)                  OT1/cmr/m/n --> OT1/lmr/m/n on input line 22.
LaTeX Font Info:    Overwriting symbol font `letters' in version `normal'
(Font)                  OML/cmm/m/it --> OML/lmm/m/it on input line 23.
LaTeX Font Info:    Overwriting symbol font `symbols' in version `normal'
(Font)                  OMS/cmsy/m/n --> OMS/lmsy/m/n on input line 24.
LaTeX Font Info:    Overwriting symbol font `largesymbols' in version `normal'
(Font)                  OMX/cmex/m/n --> OMX/lmex/m/n on input line 25.
LaTeX Font Info:    Overwriting symbol font `operators' in version `bold'
(Font)                  OT1/cmr/bx/n --> OT1/lmr/bx/n on input line 26.
LaTeX Font Info:    Overwriting symbol font `letters' in version `bold'
(Font)                  OML/cmm/b/it --> OML/lmm/b/it on input line 27.
LaTeX Font Info:    Overwriting symbol font `symbols' in version `bold'
(Font)                  OMS/cmsy/b/n --> OMS/lmsy/b/n on input line 28.
LaTeX Font Info:    Overwriting symbol font `largesymbols' in version `bold'
(Font)                  OMX/cmex/m/n --> OMX/lmex/m/n on input line 29.
LaTeX Font Info:    Overwriting math alphabet `\mathbf' in version `normal'
(Font)                  OT1/cmr/bx/n --> OT1/lmr/bx/n on input line 31.
LaTeX Font Info:    Overwriting math alphabet `\mathsf' in version `normal'
(Font)                  OT1/cmss/m/n --> OT1/lmss/m/n on input line 32.
LaTeX Font Info:    Overwriting math alphabet `\mathit' in version `normal'
(Font)                  OT1/cmr/m/it --> OT1/lmr/m/it on input line 33.
LaTeX Font Info:    Overwriting math alphabet `\mathtt' in version `normal'
(Font)                  OT1/cmtt/m/n --> OT1/lmtt/m/n on input line 34.
LaTeX Font Info:    Overwriting math alphabet `\mathbf' in version `bold'
(Font)                  OT1/cmr/bx/n --> OT1/lmr/bx/n on input line 35.
LaTeX Font Info:    Overwriting math alphabet `\mathsf' in version `bold'
(Font)                  OT1/cmss/bx/n --> OT1/lmss/bx/n on input line 36.
LaTeX Font Info:    Overwriting math alphabet `\mathit' in version `bold'
(Font)                  OT1/cmr/bx/it --> OT1/lmr/bx/it on input line 37.
LaTeX Font Info:    Overwriting math alphabet `\mathtt' in version `bold'
(Font)                  OT1/cmtt/m/n --> OT1/lmtt/m/n on input line 38.
) (/usr/local/texlive/2019/texmf-dist/tex/latex/amsfonts/amssymb.sty
Package: amssymb 2013/01/14 v3.01 AMS font symbols
(/usr/local/texlive/2019/texmf-dist/tex/latex/amsfonts/amsfonts.sty
Package: amsfonts 2013/01/14 v3.01 Basic AMSFonts support
\@emptytoks=\toks14
\symAMSa=\mathgroup4
\symAMSb=\mathgroup5
LaTeX Font Info:    Overwriting math alphabet `\mathfrak' in version `bold'
(Font)                  U/euf/m/n --> U/euf/b/n on input line 106.
)) (/usr/local/texlive/2019/texmf-dist/tex/latex/amsmath/amsmath.sty
Package: amsmath 2018/12/01 v2.17b AMS math features
\@mathmargin=\skip43
For additional information on amsmath, use the `?' option.
(/usr/local/texlive/2019/texmf-dist/tex/latex/amsmath/amstext.sty
Package: amstext 2000/06/29 v2.01 AMS text
(/usr/local/texlive/2019/texmf-dist/tex/latex/amsmath/amsgen.sty
File: amsgen.sty 1999/11/30 v2.0 generic functions
\@emptytoks=\toks15
\ex@=\dimen103
)) (/usr/local/texlive/2019/texmf-dist/tex/latex/amsmath/amsbsy.sty
Package: amsbsy 1999/11/29 v1.2d Bold Symbols
\pmbraise@=\dimen104
) (/usr/local/texlive/2019/texmf-dist/tex/latex/amsmath/amsopn.sty
Package: amsopn 2016/03/08 v2.02 operator names
)
\inf@bad=\count89
LaTeX Info: Redefining \frac on input line 223.
\uproot@=\count90
\leftroot@=\count91
LaTeX Info: Redefining \overline on input line 385.
\classnum@=\count92
\DOTSCASE@=\count93
LaTeX Info: Redefining \ldots on input line 482.
LaTeX Info: Redefining \dots on input line 485.
LaTeX Info: Redefining \cdots on input line 606.
\Mathstrutbox@=\box27
\strutbox@=\box28
\big@size=\dimen105
LaTeX Font Info:    Redeclaring font encoding OML on input line 729.
LaTeX Font Info:    Redeclaring font encoding OMS on input line 730.
\macc@depth=\count94
\c@MaxMatrixCols=\count95
\dotsspace@=\muskip10
\c@parentequation=\count96
\dspbrk@lvl=\count97
\tag@help=\toks16
\row@=\count98
\column@=\count99
\maxfields@=\count100
\andhelp@=\toks17
\eqnshift@=\dimen106
\alignsep@=\dimen107
\tagshift@=\dimen108
\tagwidth@=\dimen109
\totwidth@=\dimen110
\lineht@=\dimen111
\@envbody=\toks18
\multlinegap=\skip44
\multlinetaggap=\skip45
\mathdisplay@stack=\toks19
LaTeX Info: Redefining \[ on input line 2844.
LaTeX Info: Redefining \] on input line 2845.
) (/usr/local/texlive/2019/texmf-dist/tex/generic/ifxetex/ifxetex.sty
Package: ifxetex 2010/09/12 v0.6 Provides ifxetex conditional
) (/usr/local/texlive/2019/texmf-dist/tex/generic/oberdiek/ifluatex.sty
Package: ifluatex 2016/05/16 v1.4 Provides the ifluatex switch (HO)
Package ifluatex Info: LuaTeX not detected.
) (/usr/local/texlive/2019/texmf-dist/tex/latex/unicode-math/unicode-math.sty (
/usr/local/texlive/2019/texmf-dist/tex/latex/l3kernel/expl3.sty
Package: expl3 2019-07-25 L3 programming layer (loader) 
(/usr/local/texlive/2019/texmf-dist/tex/latex/l3kernel/expl3-code.tex
Package: expl3 2019-07-25 L3 programming layer (code)
\c_max_int=\count101
\l_tmpa_int=\count102
\l_tmpb_int=\count103
\g_tmpa_int=\count104
\g_tmpb_int=\count105
\g__kernel_prg_map_int=\count106
\c__ior_term_ior=\count107
\c_log_iow=\count108
\l_iow_line_count_int=\count109
\l__iow_line_target_int=\count110
\l__iow_one_indent_int=\count111
\l__iow_indent_int=\count112
\c_zero_dim=\dimen112
\c_max_dim=\dimen113
\l_tmpa_dim=\dimen114
\l_tmpb_dim=\dimen115
\g_tmpa_dim=\dimen116
\g_tmpb_dim=\dimen117
\c_zero_skip=\skip46
\c_max_skip=\skip47
\l_tmpa_skip=\skip48
\l_tmpb_skip=\skip49
\g_tmpa_skip=\skip50
\g_tmpb_skip=\skip51
\c_zero_muskip=\muskip11
\c_max_muskip=\muskip12
\l_tmpa_muskip=\muskip13
\l_tmpb_muskip=\muskip14
\g_tmpa_muskip=\muskip15
\g_tmpb_muskip=\muskip16
\l_keys_choice_int=\count113
\l__intarray_loop_int=\count114
\c__intarray_sp_dim=\dimen118
\g__intarray_font_int=\count115
\c__fp_leading_shift_int=\count116
\c__fp_middle_shift_int=\count117
\c__fp_trailing_shift_int=\count118
\c__fp_big_leading_shift_int=\count119
\c__fp_big_middle_shift_int=\count120
\c__fp_big_trailing_shift_int=\count121
\c__fp_Bigg_leading_shift_int=\count122
\c__fp_Bigg_middle_shift_int=\count123
\c__fp_Bigg_trailing_shift_int=\count124
\g__fp_array_int=\count125
\l__fp_array_loop_int=\count126
\l__sort_length_int=\count127
\l__sort_min_int=\count128
\l__sort_top_int=\count129
\l__sort_max_int=\count130
\l__sort_true_max_int=\count131
\l__sort_block_int=\count132
\l__sort_begin_int=\count133
\l__sort_end_int=\count134
\l__sort_A_int=\count135
\l__sort_B_int=\count136
\l__sort_C_int=\count137
\l__str_internal_int=\count138
\l__tl_analysis_normal_int=\count139
\l__tl_analysis_index_int=\count140
\l__tl_analysis_nesting_int=\count141
\l__tl_analysis_type_int=\count142
\l__regex_internal_a_int=\count143
\l__regex_internal_b_int=\count144
\l__regex_internal_c_int=\count145
\l__regex_balance_int=\count146
\l__regex_group_level_int=\count147
\l__regex_mode_int=\count148
\c__regex_cs_in_class_mode_int=\count149
\c__regex_cs_mode_int=\count150
\l__regex_catcodes_int=\count151
\l__regex_default_catcodes_int=\count152
\c__regex_catcode_L_int=\count153
\c__regex_catcode_O_int=\count154
\c__regex_catcode_A_int=\count155
\c__regex_all_catcodes_int=\count156
\l__regex_show_lines_int=\count157
\l__regex_min_state_int=\count158
\l__regex_max_state_int=\count159
\l__regex_left_state_int=\count160
\l__regex_right_state_int=\count161
\l__regex_capturing_group_int=\count162
\l__regex_min_pos_int=\count163
\l__regex_max_pos_int=\count164
\l__regex_curr_pos_int=\count165
\l__regex_start_pos_int=\count166
\l__regex_success_pos_int=\count167
\l__regex_curr_char_int=\count168
\l__regex_curr_catcode_int=\count169
\l__regex_last_char_int=\count170
\l__regex_case_changed_char_int=\count171
\l__regex_curr_state_int=\count172
\l__regex_step_int=\count173
\l__regex_min_active_int=\count174
\l__regex_max_active_int=\count175
\l__regex_replacement_csnames_int=\count176
\l__regex_match_count_int=\count177
\l__regex_min_submatch_int=\count178
\l__regex_submatch_int=\count179
\l__regex_zeroth_submatch_int=\count180
\g__regex_trace_regex_int=\count181
\c_empty_box=\box29
\l_tmpa_box=\box30
\l_tmpb_box=\box31
\g_tmpa_box=\box32
\g_tmpb_box=\box33
\l__box_top_dim=\dimen119
\l__box_bottom_dim=\dimen120
\l__box_left_dim=\dimen121
\l__box_right_dim=\dimen122
\l__box_top_new_dim=\dimen123
\l__box_bottom_new_dim=\dimen124
\l__box_left_new_dim=\dimen125
\l__box_right_new_dim=\dimen126
\l__box_internal_box=\box34
\l__coffin_internal_box=\box35
\l__coffin_internal_dim=\dimen127
\l__coffin_offset_x_dim=\dimen128
\l__coffin_offset_y_dim=\dimen129
\l__coffin_x_dim=\dimen130
\l__coffin_y_dim=\dimen131
\l__coffin_x_prime_dim=\dimen132
\l__coffin_y_prime_dim=\dimen133
\c_empty_coffin=\box36
\l__coffin_aligned_coffin=\box37
\l__coffin_aligned_internal_coffin=\box38
\l_tmpa_coffin=\box39
\l_tmpb_coffin=\box40
\g_tmpa_coffin=\box41
\g_tmpb_coffin=\box42
\l__coffin_bounding_shift_dim=\dimen134
\l__coffin_left_corner_dim=\dimen135
\l__coffin_right_corner_dim=\dimen136
\l__coffin_bottom_corner_dim=\dimen137
\l__coffin_top_corner_dim=\dimen138
\l__coffin_scaled_total_height_dim=\dimen139
\l__coffin_scaled_width_dim=\dimen140
\c__coffin_empty_coffin=\box43
\l__coffin_display_coffin=\box44
\l__coffin_display_coord_coffin=\box45
\l__coffin_display_pole_coffin=\box46
\l__coffin_display_offset_dim=\dimen141
\l__coffin_display_x_dim=\dimen142
\l__coffin_display_y_dim=\dimen143
\g__file_internal_ior=\read1
\l__seq_internal_a_int=\count182
\l__seq_internal_b_int=\count183
)
(/usr/local/texlive/2019/texmf-dist/tex/latex/l3backend/l3backend-xdvipdfmx.def
File: l3backend-xdvipdfmx.def 2019-04-06 v L3 Experimental backend support: xdv
ipdfmx
\g__graphics_track_int=\count184
\l__pdf_internal_box=\box47
\g__pdf_backend_object_int=\count185
\g__pdf_backend_annotation_int=\count186
))
Package: unicode-math 2019/03/04 v0.8o Unicode maths in XeLaTeX and LuaLaTeX

(/usr/local/texlive/2019/texmf-dist/tex/latex/unicode-math/unicode-math-xetex.s
ty
Package: unicode-math-xetex 2019/03/04 v0.8o Unicode maths in XeLaTeX and LuaLa
TeX
(/usr/local/texlive/2019/texmf-dist/tex/latex/l3packages/xparse/xparse.sty
Package: xparse 2019-05-28 L3 Experimental document command parser
\l__xparse_current_arg_int=\count187
\g__xparse_grabber_int=\count188
\l__xparse_m_args_int=\count189
\l__xparse_v_nesting_int=\count190
) (/usr/local/texlive/2019/texmf-dist/tex/latex/l3packages/l3keys2e/l3keys2e.st
y
Package: l3keys2e 2019-05-28 LaTeX2e option processing using LaTeX3 keys
) (/usr/local/texlive/2019/texmf-dist/tex/latex/fontspec/fontspec.sty
Package: fontspec 2019/03/15 v2.7c Font selection for XeLaTeX and LuaLaTeX
(/usr/local/texlive/2019/texmf-dist/tex/latex/fontspec/fontspec-xetex.sty
Package: fontspec-xetex 2019/03/15 v2.7c Font selection for XeLaTeX and LuaLaTe
X
\l__fontspec_script_int=\count191
\l__fontspec_language_int=\count192
\l__fontspec_strnum_int=\count193
\l__fontspec_tmp_int=\count194
\l__fontspec_tmpa_int=\count195
\l__fontspec_tmpb_int=\count196
\l__fontspec_tmpc_int=\count197
\l__fontspec_em_int=\count198
\l__fontspec_emdef_int=\count199
\l__fontspec_strong_int=\count266
\l__fontspec_strongdef_int=\count267
\l__fontspec_tmpa_dim=\dimen144
\l__fontspec_tmpb_dim=\dimen145
\l__fontspec_tmpc_dim=\dimen146
(/usr/local/texlive/2019/texmf-dist/tex/latex/base/fontenc.sty
Package: fontenc 2018/08/11 v2.0j Standard LaTeX package
(/usr/local/texlive/2019/texmf-dist/tex/latex/base/tuenc.def
File: tuenc.def 2018/08/11 v2.0j Standard LaTeX file
LaTeX Font Info:    Redeclaring font encoding TU on input line 82.
)) (/usr/local/texlive/2019/texmf-dist/tex/latex/fontspec/fontspec.cfg)
LaTeX Info: Redefining \itshape on input line 4051.
LaTeX Info: Redefining \slshape on input line 4056.
LaTeX Info: Redefining \scshape on input line 4061.
LaTeX Info: Redefining \upshape on input line 4066.
LaTeX Info: Redefining \em on input line 4096.
LaTeX Info: Redefining \emph on input line 4121.
)) (/usr/local/texlive/2019/texmf-dist/tex/latex/filehook/filehook.sty
Package: filehook 2011/10/12 v0.5d Hooks for input files
) (/usr/local/texlive/2019/texmf-dist/tex/latex/base/fix-cm.sty
Package: fix-cm 2015/01/14 v1.1t fixes to LaTeX
(/usr/local/texlive/2019/texmf-dist/tex/latex/base/ts1enc.def
File: ts1enc.def 2001/06/05 v3.0e (jk/car/fm) Standard LaTeX file
))
\g__um_fam_int=\count268
\g__um_fonts_used_int=\count269
\l__um_primecount_int=\count270
\g__um_primekern_muskip=\muskip17

(/usr/local/texlive/2019/texmf-dist/tex/latex/unicode-math/unicode-math-table.t
ex)

Package unicode-math Info: I'm going to patch macro \subarray.


Package unicode-math Info: I'm going to patch macro \r@@t.

)) (/usr/local/texlive/2019/texmf-dist/tex/latex/upquote/upquote.sty
Package: upquote 2012/04/19 v1.3 upright-quote and grave-accent glyphs in verba
tim
(/usr/local/texlive/2019/texmf-dist/tex/latex/base/textcomp.sty
Package: textcomp 2018/08/11 v2.0j Standard LaTeX package
Package textcomp Info: Sub-encoding information:
(textcomp)               5 = only ISO-Adobe without \textcurrency
(textcomp)               4 = 5 + \texteuro
(textcomp)               3 = 4 + \textohm
(textcomp)               2 = 3 + \textestimated + \textcurrency
(textcomp)               1 = TS1 - \textcircled - \t
(textcomp)               0 = TS1 (full)
(textcomp)             Font families with sub-encoding setting implement
(textcomp)             only a restricted character set as indicated.
(textcomp)             Family '?' is the default used for unknown fonts.
(textcomp)             See the documentation for details.
Package textcomp Info: Setting ? sub-encoding to TS1/1 on input line 79.
(/usr/local/texlive/2019/texmf-dist/tex/latex/base/ts1enc.def
File: ts1enc.def 2001/06/05 v3.0e (jk/car/fm) Standard LaTeX file
LaTeX Font Info:    Redeclaring font encoding TS1 on input line 47.
)
LaTeX Info: Redefining \oldstylenums on input line 334.
Package textcomp Info: Setting cmr sub-encoding to TS1/0 on input line 349.
Package textcomp Info: Setting cmss sub-encoding to TS1/0 on input line 350.
Package textcomp Info: Setting cmtt sub-encoding to TS1/0 on input line 351.
Package textcomp Info: Setting cmvtt sub-encoding to TS1/0 on input line 352.
Package textcomp Info: Setting cmbr sub-encoding to TS1/0 on input line 353.
Package textcomp Info: Setting cmtl sub-encoding to TS1/0 on input line 354.
Package textcomp Info: Setting ccr sub-encoding to TS1/0 on input line 355.
Package textcomp Info: Setting ptm sub-encoding to TS1/4 on input line 356.
Package textcomp Info: Setting pcr sub-encoding to TS1/4 on input line 357.
Package textcomp Info: Setting phv sub-encoding to TS1/4 on input line 358.
Package textcomp Info: Setting ppl sub-encoding to TS1/3 on input line 359.
Package textcomp Info: Setting pag sub-encoding to TS1/4 on input line 360.
Package textcomp Info: Setting pbk sub-encoding to TS1/4 on input line 361.
Package textcomp Info: Setting pnc sub-encoding to TS1/4 on input line 362.
Package textcomp Info: Setting pzc sub-encoding to TS1/4 on input line 363.
Package textcomp Info: Setting bch sub-encoding to TS1/4 on input line 364.
Package textcomp Info: Setting put sub-encoding to TS1/5 on input line 365.
Package textcomp Info: Setting uag sub-encoding to TS1/5 on input line 366.
Package textcomp Info: Setting ugq sub-encoding to TS1/5 on input line 367.
Package textcomp Info: Setting ul8 sub-encoding to TS1/4 on input line 368.
Package textcomp Info: Setting ul9 sub-encoding to TS1/4 on input line 369.
Package textcomp Info: Setting augie sub-encoding to TS1/5 on input line 370.
Package textcomp Info: Setting dayrom sub-encoding to TS1/3 on input line 371.
Package textcomp Info: Setting dayroms sub-encoding to TS1/3 on input line 372.

Package textcomp Info: Setting pxr sub-encoding to TS1/0 on input line 373.
Package textcomp Info: Setting pxss sub-encoding to TS1/0 on input line 374.
Package textcomp Info: Setting pxtt sub-encoding to TS1/0 on input line 375.
Package textcomp Info: Setting txr sub-encoding to TS1/0 on input line 376.
Package textcomp Info: Setting txss sub-encoding to TS1/0 on input line 377.
Package textcomp Info: Setting txtt sub-encoding to TS1/0 on input line 378.
Package textcomp Info: Setting lmr sub-encoding to TS1/0 on input line 379.
Package textcomp Info: Setting lmdh sub-encoding to TS1/0 on input line 380.
Package textcomp Info: Setting lmss sub-encoding to TS1/0 on input line 381.
Package textcomp Info: Setting lmssq sub-encoding to TS1/0 on input line 382.
Package textcomp Info: Setting lmvtt sub-encoding to TS1/0 on input line 383.
Package textcomp Info: Setting lmtt sub-encoding to TS1/0 on input line 384.
Package textcomp Info: Setting qhv sub-encoding to TS1/0 on input line 385.
Package textcomp Info: Setting qag sub-encoding to TS1/0 on input line 386.
Package textcomp Info: Setting qbk sub-encoding to TS1/0 on input line 387.
Package textcomp Info: Setting qcr sub-encoding to TS1/0 on input line 388.
Package textcomp Info: Setting qcs sub-encoding to TS1/0 on input line 389.
Package textcomp Info: Setting qpl sub-encoding to TS1/0 on input line 390.
Package textcomp Info: Setting qtm sub-encoding to TS1/0 on input line 391.
Package textcomp Info: Setting qzc sub-encoding to TS1/0 on input line 392.
Package textcomp Info: Setting qhvc sub-encoding to TS1/0 on input line 393.
Package textcomp Info: Setting futs sub-encoding to TS1/4 on input line 394.
Package textcomp Info: Setting futx sub-encoding to TS1/4 on input line 395.
Package textcomp Info: Setting futj sub-encoding to TS1/4 on input line 396.
Package textcomp Info: Setting hlh sub-encoding to TS1/3 on input line 397.
Package textcomp Info: Setting hls sub-encoding to TS1/3 on input line 398.
Package textcomp Info: Setting hlst sub-encoding to TS1/3 on input line 399.
Package textcomp Info: Setting hlct sub-encoding to TS1/5 on input line 400.
Package textcomp Info: Setting hlx sub-encoding to TS1/5 on input line 401.
Package textcomp Info: Setting hlce sub-encoding to TS1/5 on input line 402.
Package textcomp Info: Setting hlcn sub-encoding to TS1/5 on input line 403.
Package textcomp Info: Setting hlcw sub-encoding to TS1/5 on input line 404.
Package textcomp Info: Setting hlcf sub-encoding to TS1/5 on input line 405.
Package textcomp Info: Setting pplx sub-encoding to TS1/3 on input line 406.
Package textcomp Info: Setting pplj sub-encoding to TS1/3 on input line 407.
Package textcomp Info: Setting ptmx sub-encoding to TS1/4 on input line 408.
Package textcomp Info: Setting ptmj sub-encoding to TS1/4 on input line 409.
)) (/usr/local/texlive/2019/texmf-dist/tex/latex/microtype/microtype.sty
Package: microtype 2019/02/28 v2.7b Micro-typographical refinements (RS)
(/usr/local/texlive/2019/texmf-dist/tex/latex/graphics/keyval.sty
Package: keyval 2014/10/28 v1.15 key=value parser (DPC)
\KV@toks@=\toks20
)
\MT@toks=\toks21
\MT@count=\count271
LaTeX Info: Redefining \textls on input line 790.
\MT@outer@kern=\dimen147
LaTeX Info: Redefining \textmicrotypecontext on input line 1336.
\MT@listname@count=\count272
(/usr/local/texlive/2019/texmf-dist/tex/latex/microtype/microtype-xetex.def
File: microtype-xetex.def 2019/02/28 v2.7b Definitions specific to xetex (RS)
LaTeX Info: Redefining \lsstyle on input line 258.
)
Package microtype Info: Loading configuration file microtype.cfg.
(/usr/local/texlive/2019/texmf-dist/tex/latex/microtype/microtype.cfg
File: microtype.cfg 2019/02/28 v2.7b microtype main configuration file (RS)
)) (/usr/local/texlive/2019/texmf-dist/tex/latex/parskip/parskip.sty
Package: parskip 2019-01-16 v2.0c non-zero parskip adjustments
(/usr/local/texlive/2019/texmf-dist/tex/latex/oberdiek/kvoptions.sty
Package: kvoptions 2016/05/16 v3.12 Key value format for package options (HO)
(/usr/local/texlive/2019/texmf-dist/tex/generic/oberdiek/ltxcmds.sty
Package: ltxcmds 2016/05/16 v1.23 LaTeX kernel commands for general use (HO)
) (/usr/local/texlive/2019/texmf-dist/tex/generic/oberdiek/kvsetkeys.sty
Package: kvsetkeys 2016/05/16 v1.17 Key value parser (HO)
(/usr/local/texlive/2019/texmf-dist/tex/generic/oberdiek/infwarerr.sty
Package: infwarerr 2016/05/16 v1.4 Providing info/warning/error messages (HO)
) (/usr/local/texlive/2019/texmf-dist/tex/generic/oberdiek/etexcmds.sty
Package: etexcmds 2016/05/16 v1.6 Avoid name clashes with e-TeX commands (HO)
))) (/usr/local/texlive/2019/texmf-dist/tex/latex/etoolbox/etoolbox.sty
Package: etoolbox 2018/08/19 v2.5f e-TeX tools for LaTeX (JAW)
\etb@tempcnta=\count273
)) (/usr/local/texlive/2019/texmf-dist/tex/latex/xcolor/xcolor.sty
Package: xcolor 2016/05/11 v2.12 LaTeX color extensions (UK)
(/usr/local/texlive/2019/texmf-dist/tex/latex/graphics-cfg/color.cfg
File: color.cfg 2016/01/02 v1.6 sample color configuration
)
Package xcolor Info: Driver file: xetex.def on input line 225.
(/usr/local/texlive/2019/texmf-dist/tex/latex/graphics-def/xetex.def
File: xetex.def 2017/06/24 v5.0h Graphics/color driver for xetex
)
Package xcolor Info: Model `cmy' substituted by `cmy0' on input line 1348.
Package xcolor Info: Model `RGB' extended on input line 1364.
Package xcolor Info: Model `HTML' substituted by `rgb' on input line 1366.
Package xcolor Info: Model `Hsb' substituted by `hsb' on input line 1367.
Package xcolor Info: Model `tHsb' substituted by `hsb' on input line 1368.
Package xcolor Info: Model `HSB' substituted by `hsb' on input line 1369.
Package xcolor Info: Model `Gray' substituted by `gray' on input line 1370.
Package xcolor Info: Model `wave' substituted by `hsb' on input line 1371.
) (/usr/local/texlive/2019/texmf-dist/tex/latex/xurl/xurl.sty
Package: xurl 2018/12/23 v 0.07 modify URL breaks
(/usr/local/texlive/2019/texmf-dist/tex/latex/url/url.sty
\Urlmuskip=\muskip18
Package: url 2013/09/16  ver 3.4  Verb mode for urls, etc.
)) (/usr/local/texlive/2019/texmf-dist/tex/latex/oberdiek/bookmark.sty
Package: bookmark 2019/06/04 v1.27 PDF bookmarks (HO)
(/usr/local/texlive/2019/texmf-dist/tex/generic/oberdiek/pdfescape.sty
Package: pdfescape 2016/05/16 v1.14 Implements pdfTeX's escape features (HO)
(/usr/local/texlive/2019/texmf-dist/tex/generic/oberdiek/pdftexcmds.sty
Package: pdftexcmds 2019/07/25 v0.30 Utility functions of pdfTeX for LuaTeX (HO
)
(/usr/local/texlive/2019/texmf-dist/tex/generic/oberdiek/ifpdf.sty
Package: ifpdf 2018/09/07 v3.3 Provides the ifpdf switch
)
Package pdftexcmds Info: LuaTeX not detected.
Package pdftexcmds Info: pdfTeX >= 1.30 not detected.
Package pdftexcmds Info: \pdf@primitive is available.
Package pdftexcmds Info: \pdf@ifprimitive is available.
Package pdftexcmds Info: \pdfdraftmode not found.
)) (/usr/local/texlive/2019/texmf-dist/tex/generic/oberdiek/ifvtex.sty
Package: ifvtex 2016/05/16 v1.6 Detect VTeX and its facilities (HO)
Package ifvtex Info: VTeX not detected.
) (/usr/local/texlive/2019/texmf-dist/tex/latex/hyperref/hyperref.sty
Package: hyperref 2019/06/12 v6.88h Hypertext links for LaTeX
(/usr/local/texlive/2019/texmf-dist/tex/generic/oberdiek/hobsub-hyperref.sty
Package: hobsub-hyperref 2016/05/16 v1.14 Bundle oberdiek, subset hyperref (HO)

(/usr/local/texlive/2019/texmf-dist/tex/generic/oberdiek/hobsub-generic.sty
Package: hobsub-generic 2016/05/16 v1.14 Bundle oberdiek, subset generic (HO)
Package: hobsub 2016/05/16 v1.14 Construct package bundles (HO)
Package hobsub Info: Skipping package `infwarerr' (already loaded).
Package hobsub Info: Skipping package `ltxcmds' (already loaded).
Package hobsub Info: Skipping package `ifluatex' (already loaded).
Package hobsub Info: Skipping package `ifvtex' (already loaded).
Package: intcalc 2016/05/16 v1.2 Expandable calculations with integers (HO)
Package hobsub Info: Skipping package `ifpdf' (already loaded).
Package hobsub Info: Skipping package `etexcmds' (already loaded).
Package hobsub Info: Skipping package `kvsetkeys' (already loaded).
Package: kvdefinekeys 2016/05/16 v1.4 Define keys (HO)
Package hobsub Info: Skipping package `pdftexcmds' (already loaded).
Package hobsub Info: Skipping package `pdfescape' (already loaded).
Package: bigintcalc 2016/05/16 v1.4 Expandable calculations on big integers (HO
)
Package: bitset 2016/05/16 v1.2 Handle bit-vector datatype (HO)
Package: uniquecounter 2016/05/16 v1.3 Provide unlimited unique counter (HO)
)
Package hobsub Info: Skipping package `hobsub' (already loaded).
Package: letltxmacro 2016/05/16 v1.5 Let assignment for LaTeX macros (HO)
Package: hopatch 2016/05/16 v1.3 Wrapper for package hooks (HO)
Package: xcolor-patch 2016/05/16 xcolor patch
Package: atveryend 2016/05/16 v1.9 Hooks at the very end of document (HO)
Package: atbegshi 2016/06/09 v1.18 At begin shipout hook (HO)
Package: refcount 2016/05/16 v3.5 Data extraction from label references (HO)
Package: hycolor 2016/05/16 v1.8 Color options for hyperref/bookmark (HO)
) (/usr/local/texlive/2019/texmf-dist/tex/latex/oberdiek/auxhook.sty
Package: auxhook 2016/05/16 v1.4 Hooks for auxiliary files (HO)
)
\@linkdim=\dimen148
\Hy@linkcounter=\count274
\Hy@pagecounter=\count275
(/usr/local/texlive/2019/texmf-dist/tex/latex/hyperref/pd1enc.def
File: pd1enc.def 2019/06/12 v6.88h Hyperref: PDFDocEncoding definition (HO)
)
\Hy@SavedSpaceFactor=\count276
(/usr/local/texlive/2019/texmf-dist/tex/latex/latexconfig/hyperref.cfg
File: hyperref.cfg 2002/06/06 v1.2 hyperref configuration of TeXLive
)
Package hyperref Info: Option `unicode' set `true' on input line 4424.
(/usr/local/texlive/2019/texmf-dist/tex/latex/hyperref/puenc.def
File: puenc.def 2019/06/12 v6.88h Hyperref: PDF Unicode definition (HO)
)
Package hyperref Info: Hyper figures OFF on input line 4550.
Package hyperref Info: Link nesting OFF on input line 4555.
Package hyperref Info: Hyper index ON on input line 4558.
Package hyperref Info: Plain pages OFF on input line 4565.
Package hyperref Info: Backreferencing OFF on input line 4570.
Package hyperref Info: Implicit mode ON; LaTeX internals redefined.
Package hyperref Info: Bookmarks ON on input line 4803.
\c@Hy@tempcnt=\count277
LaTeX Info: Redefining \url on input line 5156.
\XeTeXLinkMargin=\dimen149
\Fld@menulength=\count278
\Field@Width=\dimen150
\Fld@charsize=\dimen151
Package hyperref Info: Hyper figures OFF on input line 6411.
Package hyperref Info: Link nesting OFF on input line 6416.
Package hyperref Info: Hyper index ON on input line 6419.
Package hyperref Info: backreferencing OFF on input line 6426.
Package hyperref Info: Link coloring OFF on input line 6431.
Package hyperref Info: Link coloring with OCG OFF on input line 6436.
Package hyperref Info: PDF/A mode OFF on input line 6441.
LaTeX Info: Redefining \ref on input line 6481.
LaTeX Info: Redefining \pageref on input line 6485.
\Hy@abspage=\count279
\c@Item=\count280
\c@Hfootnote=\count281
)
Package hyperref Info: Driver (autodetected): hxetex.
(/usr/local/texlive/2019/texmf-dist/tex/latex/hyperref/hxetex.def
File: hxetex.def 2019/06/12 v6.88h Hyperref driver for XeTeX
(/usr/local/texlive/2019/texmf-dist/tex/generic/oberdiek/stringenc.sty
Package: stringenc 2016/05/16 v1.11 Convert strings between diff. encodings (HO
)
)
\pdfm@box=\box48
\c@Hy@AnnotLevel=\count282
\HyField@AnnotCount=\count283
\Fld@listcount=\count284
\c@bookmark@seq@number=\count285
(/usr/local/texlive/2019/texmf-dist/tex/latex/oberdiek/rerunfilecheck.sty
Package: rerunfilecheck 2016/05/16 v1.8 Rerun checks for auxiliary files (HO)
Package uniquecounter Info: New unique counter `rerunfilecheck' on input line 2
82.
)
\Hy@SectionHShift=\skip52
) (/usr/local/texlive/2019/texmf-dist/tex/latex/oberdiek/bkm-dvipdfm.def
File: bkm-dvipdfm.def 2019/06/04 v1.27 bookmark driver for dvipdfm (HO)
\BKM@id=\count286
)) (/usr/local/texlive/2019/texmf-dist/tex/latex/fancyvrb/fancyvrb.sty
Package: fancyvrb 2019/01/15
Style option: `fancyvrb' v3.2a <2019/01/15> (tvz)
\FV@CodeLineNo=\count287
\FV@InFile=\read2
\FV@TabBox=\box49
\c@FancyVerbLine=\count288
\FV@StepNumber=\count289
\FV@OutFile=\write3
) (/usr/local/texlive/2019/texmf-dist/tex/latex/framed/framed.sty
Package: framed 2011/10/22 v 0.96: framed or shaded text with page breaks
\OuterFrameSep=\skip53
\fb@frw=\dimen152
\fb@frh=\dimen153
\FrameRule=\dimen154
\FrameSep=\dimen155
) (/usr/local/texlive/2019/texmf-dist/tex/latex/tools/longtable.sty
Package: longtable 2014/10/28 v4.11 Multi-page Table package (DPC)+ FMi change
\LTleft=\skip54
\LTright=\skip55
\LTpre=\skip56
\LTpost=\skip57
\LTchunksize=\count290
\LTcapwidth=\dimen156
\LT@head=\box50
\LT@firsthead=\box51
\LT@foot=\box52
\LT@lastfoot=\box53
\LT@cols=\count291
\LT@rows=\count292
\c@LT@tables=\count293
\c@LT@chunks=\count294
\LT@p@ftn=\toks22
) (/usr/local/texlive/2019/texmf-dist/tex/latex/booktabs/booktabs.sty
Package: booktabs 2016/04/27 v1.618033 publication quality tables
\heavyrulewidth=\dimen157
\lightrulewidth=\dimen158
\cmidrulewidth=\dimen159
\belowrulesep=\dimen160
\belowbottomsep=\dimen161
\aboverulesep=\dimen162
\abovetopsep=\dimen163
\cmidrulesep=\dimen164
\cmidrulekern=\dimen165
\defaultaddspace=\dimen166
\@cmidla=\count295
\@cmidlb=\count296
\@aboverulesep=\dimen167
\@belowrulesep=\dimen168
\@thisruleclass=\count297
\@lastruleclass=\count298
\@thisrulewidth=\dimen169
) (/usr/local/texlive/2019/texmf-dist/tex/latex/footnotehyper/footnotehyper.sty
Package: footnotehyper 2018/01/23 v1.1 hyperref aware footnote.sty (JFB)
\FNH@notes=\box54
\FNH@width=\dimen170
) (/usr/local/texlive/2019/texmf-dist/tex/latex/graphics/graphicx.sty
Package: graphicx 2017/06/01 v1.1a Enhanced LaTeX Graphics (DPC,SPQR)
(/usr/local/texlive/2019/texmf-dist/tex/latex/graphics/graphics.sty
Package: graphics 2017/06/25 v1.2c Standard LaTeX Graphics (DPC,SPQR)
(/usr/local/texlive/2019/texmf-dist/tex/latex/graphics/trig.sty
Package: trig 2016/01/03 v1.10 sin cos tan (DPC)
) (/usr/local/texlive/2019/texmf-dist/tex/latex/graphics-cfg/graphics.cfg
File: graphics.cfg 2016/06/04 v1.11 sample graphics configuration
)
Package graphics Info: Driver file: xetex.def on input line 99.
)
\Gin@req@height=\dimen171
\Gin@req@width=\dimen172
) (/usr/local/texlive/2019/texmf-dist/tex/latex/oberdiek/chemarr.sty
Package: chemarr 2016/05/16 v1.3 Arrows for chemical reactions (HO)
) (/usr/local/texlive/2019/texmf-dist/tex/latex/base/makeidx.sty
Package: makeidx 2014/09/29 v1.0m Standard LaTeX package
)
\@indexfile=\write4
\openout4 = `QuantLife.idx'.

Writing index file QuantLife.idx
(/usr/local/texlive/2019/texmf-dist/tex/latex/natbib/natbib.sty
Package: natbib 2010/09/13 8.31b (PWD, AO)
\bibhang=\skip58
\bibsep=\skip59
LaTeX Info: Redefining \cite on input line 694.
\c@NAT@ctr=\count299
) (/usr/local/texlive/2019/texmf-dist/tex/latex/amscls/amsthm.sty
Package: amsthm 2017/10/31 v2.20.4
\thm@style=\toks23
\thm@bodyfont=\toks24
\thm@headfont=\toks25
\thm@notefont=\toks26
\thm@headpunct=\toks27
\thm@preskip=\skip60
\thm@postskip=\skip61
\thm@headsep=\skip62
\dth@everypar=\toks28
)
\c@theorem=\count300
\c@lemma=\count301
\c@corollary=\count302
\c@proposition=\count303
\c@conjecture=\count304
\c@definition=\count305
\c@example=\count306
\c@exercise=\count307
(./QuantLife.aux

LaTeX Warning: Label `sec:comp6' multiply defined.

)
\openout1 = `QuantLife.aux'.

LaTeX Font Info:    Checking defaults for OML/cmm/m/it on input line 137.
LaTeX Font Info:    ... okay on input line 137.
LaTeX Font Info:    Checking defaults for T1/cmr/m/n on input line 137.
LaTeX Font Info:    ... okay on input line 137.
LaTeX Font Info:    Checking defaults for OT1/cmr/m/n on input line 137.
LaTeX Font Info:    ... okay on input line 137.
LaTeX Font Info:    Checking defaults for OMS/cmsy/m/n on input line 137.
LaTeX Font Info:    ... okay on input line 137.
LaTeX Font Info:    Checking defaults for TU/lmr/m/n on input line 137.
LaTeX Font Info:    ... okay on input line 137.
LaTeX Font Info:    Checking defaults for OMX/cmex/m/n on input line 137.
LaTeX Font Info:    ... okay on input line 137.
LaTeX Font Info:    Checking defaults for U/cmr/m/n on input line 137.
LaTeX Font Info:    ... okay on input line 137.
LaTeX Font Info:    Checking defaults for TS1/cmr/m/n on input line 137.
LaTeX Font Info:    ... okay on input line 137.
LaTeX Font Info:    Checking defaults for PD1/pdf/m/n on input line 137.
LaTeX Font Info:    ... okay on input line 137.
LaTeX Font Info:    Checking defaults for PU/pdf/m/n on input line 137.
LaTeX Font Info:    ... okay on input line 137.
LaTeX Font Info:    Overwriting math alphabet `\mathrm' in version `normal'
(Font)                  OT1/lmr/m/n --> TU/lmr/m/n on input line 137.
LaTeX Font Info:    Overwriting math alphabet `\mathit' in version `normal'
(Font)                  OT1/lmr/m/it --> TU/lmr/m/it on input line 137.
LaTeX Font Info:    Overwriting math alphabet `\mathbf' in version `normal'
(Font)                  OT1/lmr/bx/n --> TU/lmr/bx/n on input line 137.
LaTeX Font Info:    Overwriting math alphabet `\mathsf' in version `normal'
(Font)                  OT1/lmss/m/n --> TU/lmss/m/n on input line 137.
LaTeX Font Info:    Overwriting math alphabet `\mathsf' in version `bold'
(Font)                  OT1/lmss/bx/n --> TU/lmss/bx/n on input line 137.
LaTeX Font Info:    Overwriting math alphabet `\mathtt' in version `normal'
(Font)                  OT1/lmtt/m/n --> TU/lmtt/m/n on input line 137.
LaTeX Font Info:    Overwriting math alphabet `\mathtt' in version `bold'
(Font)                  OT1/lmtt/m/n --> TU/lmtt/bx/n on input line 137.

Package fontspec Info: latinmodern-math scale = 1.


Package fontspec Info: latinmodern-math scale = 1.


Package fontspec Info: latinmodern-math scale = 1.


Package fontspec Info: Font family 'latinmodern-math.otf(0)' created for font
(fontspec)             'latinmodern-math.otf' with options
(fontspec)             [Scale=MatchLowercase,BoldItalicFont={},ItalicFont={},Sm
allCapsFont={},Script=Math,BoldFont={latinmodern-math.otf}].
(fontspec)              
(fontspec)              This font family consists of the following NFSS
(fontspec)             series/shapes:
(fontspec)              
(fontspec)             - 'normal' (m/n) with NFSS spec.:
(fontspec)             <->s*[1]"[latinmodern-math.otf]/OT:script=math;language=
DFLT;"
(fontspec)             - 'small caps'  (m/sc) with NFSS spec.: 
(fontspec)             - 'bold' (bx/n) with NFSS spec.:
(fontspec)             <->s*[1]"[latinmodern-math.otf]/OT:script=math;language=
DFLT;"
(fontspec)             - 'bold small caps'  (bx/sc) with NFSS spec.: 

LaTeX Font Info:    Font shape `TU/latinmodern-math.otf(0)/m/n' will be
(Font)              scaled to size 10.0pt on input line 137.

Package fontspec Info: latinmodern-math scale = 1.


Package fontspec Info: latinmodern-math scale = 1.


Package fontspec Info: latinmodern-math scale = 1.


Package fontspec Info: latinmodern-math scale = 1.


Package fontspec Info: latinmodern-math scale = 1.


Package fontspec Info: Font family 'latinmodern-math.otf(1)' created for font
(fontspec)             'latinmodern-math.otf' with options
(fontspec)             [Scale=MatchLowercase,BoldItalicFont={},ItalicFont={},Sm
allCapsFont={},Script=Math,SizeFeatures={{Size=8.5-},{Size=6-8.5,Font=latinmode
rn-math.otf,Style=MathScript},{Size=-6,Font=latinmodern-math.otf,Style=MathScri
ptScript}},BoldFont={latinmodern-math.otf}].
(fontspec)              
(fontspec)              This font family consists of the following NFSS
(fontspec)             series/shapes:
(fontspec)              
(fontspec)             - 'normal' (m/n) with NFSS spec.:
(fontspec)             <8.5->s*[1]"[latinmodern-math.otf]/OT:script=math;langua
ge=DFLT;"<6-8.5>s*[1]"[latinmodern-math.otf]/OT:script=math;language=DFLT;+ssty
=0;"<-6>s*[1]"[latinmodern-math.otf]/OT:script=math;language=DFLT;+ssty=1;"
(fontspec)             - 'small caps'  (m/sc) with NFSS spec.: 
(fontspec)             - 'bold' (bx/n) with NFSS spec.:
(fontspec)             <->s*[1]"[latinmodern-math.otf]/OT:script=math;language=
DFLT;"
(fontspec)             - 'bold small caps'  (bx/sc) with NFSS spec.: 

LaTeX Font Info:    Font shape `TU/latinmodern-math.otf(1)/m/n' will be
(Font)              scaled to size 10.0pt on input line 137.
LaTeX Font Info:    Encoding `OT1' has changed to `TU' for symbol font
(Font)              `operators' in the math version `normal' on input line 137.

LaTeX Font Info:    Overwriting symbol font `operators' in version `normal'
(Font)                  OT1/lmr/m/n --> TU/latinmodern-math.otf(1)/m/n on input
 line 137.
LaTeX Font Info:    Encoding `OT1' has changed to `TU' for symbol font
(Font)              `operators' in the math version `bold' on input line 137.
LaTeX Font Info:    Overwriting symbol font `operators' in version `bold'
(Font)                  OT1/lmr/bx/n --> TU/latinmodern-math.otf(1)/bx/n on inp
ut line 137.

Package fontspec Info: latinmodern-math scale = 1.


Package fontspec Info: latinmodern-math scale = 1.0001.


Package fontspec Info: latinmodern-math scale = 1.


Package fontspec Info: latinmodern-math scale = 1.0001.


Package fontspec Info: latinmodern-math scale = 1.


Package fontspec Info: latinmodern-math scale = 1.0001.


Package fontspec Info: latinmodern-math scale = 1.


Package fontspec Info: latinmodern-math scale = 1.0001.


Package fontspec Info: latinmodern-math scale = 1.


Package fontspec Info: latinmodern-math scale = 1.0001.


Package fontspec Info: Font family 'latinmodern-math.otf(2)' created for font
(fontspec)             'latinmodern-math.otf' with options
(fontspec)             [Scale=MatchLowercase,BoldItalicFont={},ItalicFont={},Sm
allCapsFont={},Script=Math,SizeFeatures={{Size=8.5-},{Size=6-8.5,Font=latinmode
rn-math.otf,Style=MathScript},{Size=-6,Font=latinmodern-math.otf,Style=MathScri
ptScript}},BoldFont={latinmodern-math.otf},ScaleAgain=1.0001,FontAdjustment={\f
ontdimen
(fontspec)             8\font =6.77pt\relax \fontdimen 9\font =3.94pt\relax
(fontspec)             \fontdimen 10\font =4.44pt\relax \fontdimen 11\font
(fontspec)             =6.86pt\relax \fontdimen 12\font =3.45pt\relax
(fontspec)             \fontdimen 13\font =3.63pt\relax \fontdimen 14\font
(fontspec)             =3.63pt\relax \fontdimen 15\font =2.89pt\relax
(fontspec)             \fontdimen 16\font =2.47pt\relax \fontdimen 17\font
(fontspec)             =2.47pt\relax \fontdimen 18\font =2.5pt\relax
(fontspec)             \fontdimen 19\font =2.0pt\relax \fontdimen 22\font
(fontspec)             =2.5pt\relax \fontdimen 20\font =0pt\relax \fontdimen
(fontspec)             21\font =0pt\relax }].
(fontspec)              
(fontspec)              This font family consists of the following NFSS
(fontspec)             series/shapes:
(fontspec)              
(fontspec)             - 'normal' (m/n) with NFSS spec.:
(fontspec)             <8.5->s*[1.0001]"[latinmodern-math.otf]/OT:script=math;l
anguage=DFLT;"<6-8.5>s*[1.0001]"[latinmodern-math.otf]/OT:script=math;language=
DFLT;+ssty=0;"<-6>s*[1.0001]"[latinmodern-math.otf]/OT:script=math;language=DFL
T;+ssty=1;"
(fontspec)             - 'small caps'  (m/sc) with NFSS spec.: 
(fontspec)             and font adjustment code:
(fontspec)             \fontdimen 8\font =6.77pt\relax \fontdimen 9\font
(fontspec)             =3.94pt\relax \fontdimen 10\font =4.44pt\relax
(fontspec)             \fontdimen 11\font =6.86pt\relax \fontdimen 12\font
(fontspec)             =3.45pt\relax \fontdimen 13\font =3.63pt\relax
(fontspec)             \fontdimen 14\font =3.63pt\relax \fontdimen 15\font
(fontspec)             =2.89pt\relax \fontdimen 16\font =2.47pt\relax
(fontspec)             \fontdimen 17\font =2.47pt\relax \fontdimen 18\font
(fontspec)             =2.5pt\relax \fontdimen 19\font =2.0pt\relax \fontdimen
(fontspec)             22\font =2.5pt\relax \fontdimen 20\font =0pt\relax
(fontspec)             \fontdimen 21\font =0pt\relax 
(fontspec)             - 'bold' (bx/n) with NFSS spec.:
(fontspec)             <->s*[1.0001]"[latinmodern-math.otf]/OT:script=math;lang
uage=DFLT;"
(fontspec)             - 'bold small caps'  (bx/sc) with NFSS spec.: 
(fontspec)             and font adjustment code:
(fontspec)             \fontdimen 8\font =6.77pt\relax \fontdimen 9\font
(fontspec)             =3.94pt\relax \fontdimen 10\font =4.44pt\relax
(fontspec)             \fontdimen 11\font =6.86pt\relax \fontdimen 12\font
(fontspec)             =3.45pt\relax \fontdimen 13\font =3.63pt\relax
(fontspec)             \fontdimen 14\font =3.63pt\relax \fontdimen 15\font
(fontspec)             =2.89pt\relax \fontdimen 16\font =2.47pt\relax
(fontspec)             \fontdimen 17\font =2.47pt\relax \fontdimen 18\font
(fontspec)             =2.5pt\relax \fontdimen 19\font =2.0pt\relax \fontdimen
(fontspec)             22\font =2.5pt\relax \fontdimen 20\font =0pt\relax
(fontspec)             \fontdimen 21\font =0pt\relax 

LaTeX Font Info:    Encoding `OMS' has changed to `TU' for symbol font
(Font)              `symbols' in the math version `normal' on input line 137.
LaTeX Font Info:    Overwriting symbol font `symbols' in version `normal'
(Font)                  OMS/lmsy/m/n --> TU/latinmodern-math.otf(2)/m/n on inpu
t line 137.
LaTeX Font Info:    Encoding `OMS' has changed to `TU' for symbol font
(Font)              `symbols' in the math version `bold' on input line 137.
LaTeX Font Info:    Overwriting symbol font `symbols' in version `bold'
(Font)                  OMS/lmsy/b/n --> TU/latinmodern-math.otf(2)/bx/n on inp
ut line 137.

Package fontspec Info: latinmodern-math scale = 1.


Package fontspec Info: latinmodern-math scale = 0.9999.


Package fontspec Info: latinmodern-math scale = 1.


Package fontspec Info: latinmodern-math scale = 0.9999.


Package fontspec Info: latinmodern-math scale = 1.


Package fontspec Info: latinmodern-math scale = 0.9999.


Package fontspec Info: latinmodern-math scale = 1.


Package fontspec Info: latinmodern-math scale = 0.9999.


Package fontspec Info: latinmodern-math scale = 1.


Package fontspec Info: latinmodern-math scale = 0.9999.


Package fontspec Info: Font family 'latinmodern-math.otf(3)' created for font
(fontspec)             'latinmodern-math.otf' with options
(fontspec)             [Scale=MatchLowercase,BoldItalicFont={},ItalicFont={},Sm
allCapsFont={},Script=Math,SizeFeatures={{Size=8.5-},{Size=6-8.5,Font=latinmode
rn-math.otf,Style=MathScript},{Size=-6,Font=latinmodern-math.otf,Style=MathScri
ptScript}},BoldFont={latinmodern-math.otf},ScaleAgain=0.9999,FontAdjustment={\f
ontdimen
(fontspec)             8\font =0.4pt\relax \fontdimen 9\font =2.0pt\relax
(fontspec)             \fontdimen 10\font =1.67pt\relax \fontdimen 11\font
(fontspec)             =1.11pt\relax \fontdimen 12\font =6.0pt\relax
(fontspec)             \fontdimen 13\font =0pt\relax }].
(fontspec)              
(fontspec)              This font family consists of the following NFSS
(fontspec)             series/shapes:
(fontspec)              
(fontspec)             - 'normal' (m/n) with NFSS spec.:
(fontspec)             <8.5->s*[0.9999]"[latinmodern-math.otf]/OT:script=math;l
anguage=DFLT;"<6-8.5>s*[0.9999]"[latinmodern-math.otf]/OT:script=math;language=
DFLT;+ssty=0;"<-6>s*[0.9999]"[latinmodern-math.otf]/OT:script=math;language=DFL
T;+ssty=1;"
(fontspec)             - 'small caps'  (m/sc) with NFSS spec.: 
(fontspec)             and font adjustment code:
(fontspec)             \fontdimen 8\font =0.4pt\relax \fontdimen 9\font
(fontspec)             =2.0pt\relax \fontdimen 10\font =1.67pt\relax
(fontspec)             \fontdimen 11\font =1.11pt\relax \fontdimen 12\font
(fontspec)             =6.0pt\relax \fontdimen 13\font =0pt\relax 
(fontspec)             - 'bold' (bx/n) with NFSS spec.:
(fontspec)             <->s*[0.9999]"[latinmodern-math.otf]/OT:script=math;lang
uage=DFLT;"
(fontspec)             - 'bold small caps'  (bx/sc) with NFSS spec.: 
(fontspec)             and font adjustment code:
(fontspec)             \fontdimen 8\font =0.4pt\relax \fontdimen 9\font
(fontspec)             =2.0pt\relax \fontdimen 10\font =1.67pt\relax
(fontspec)             \fontdimen 11\font =1.11pt\relax \fontdimen 12\font
(fontspec)             =6.0pt\relax \fontdimen 13\font =0pt\relax 

LaTeX Font Info:    Encoding `OMX' has changed to `TU' for symbol font
(Font)              `largesymbols' in the math version `normal' on input line 1
37.
LaTeX Font Info:    Overwriting symbol font `largesymbols' in version `normal'
(Font)                  OMX/lmex/m/n --> TU/latinmodern-math.otf(3)/m/n on inpu
t line 137.
LaTeX Font Info:    Encoding `OMX' has changed to `TU' for symbol font
(Font)              `largesymbols' in the math version `bold' on input line 137
.
LaTeX Font Info:    Overwriting symbol font `largesymbols' in version `bold'
(Font)                  OMX/lmex/m/n --> TU/latinmodern-math.otf(3)/bx/n on inp
ut line 137.
LaTeX Info: Redefining \microtypecontext on input line 137.
Package microtype Info: Character protrusion enabled (level 2).
Package microtype Info: Using protrusion set `basicmath'.
Package microtype Info: No adjustment of tracking.
Package microtype Info: No adjustment of spacing.
Package microtype Info: No adjustment of kerning.

(/usr/local/texlive/2019/texmf-dist/tex/latex/microtype/mt-LatinModernRoman.cfg
File: mt-LatinModernRoman.cfg 2013/03/13 v1.0 microtype config. file: Latin Mod
ern Roman (RS)
)
\AtBeginShipoutBox=\box55
Package hyperref Info: Link coloring OFF on input line 137.
(/usr/local/texlive/2019/texmf-dist/tex/latex/hyperref/nameref.sty
Package: nameref 2016/05/21 v2.44 Cross-referencing by name of section
(/usr/local/texlive/2019/texmf-dist/tex/generic/oberdiek/gettitlestring.sty
Package: gettitlestring 2016/05/16 v1.5 Cleanup title references (HO)
)
\c@section@level=\count308
)
LaTeX Info: Redefining \ref on input line 137.
LaTeX Info: Redefining \pageref on input line 137.
LaTeX Info: Redefining \nameref on input line 137.

Package hyperref Warning: Rerun to get /PageLabels entry.

LaTeX Font Info:    Font shape `TU/latinmodern-math.otf(1)/m/n' will be
(Font)              scaled to size 12.0pt on input line 139.
LaTeX Font Info:    Font shape `TU/latinmodern-math.otf(1)/m/n' will be
(Font)              scaled to size 8.0pt on input line 139.
LaTeX Font Info:    Font shape `TU/latinmodern-math.otf(1)/m/n' will be
(Font)              scaled to size 6.0pt on input line 139.
LaTeX Font Info:    Try loading font information for OML+lmm on input line 139.

(/usr/local/texlive/2019/texmf-dist/tex/latex/lm/omllmm.fd
File: omllmm.fd 2009/10/30 v1.6 Font defs for Latin Modern
)
LaTeX Font Info:    Font shape `TU/latinmodern-math.otf(2)/m/n' will be
(Font)              scaled to size 12.00128pt on input line 139.
LaTeX Font Info:    Font shape `TU/latinmodern-math.otf(2)/m/n' will be
(Font)              scaled to size 8.00085pt on input line 139.
LaTeX Font Info:    Font shape `TU/latinmodern-math.otf(2)/m/n' will be
(Font)              scaled to size 6.00064pt on input line 139.
LaTeX Font Info:    Font shape `TU/latinmodern-math.otf(3)/m/n' will be
(Font)              scaled to size 11.99872pt on input line 139.
LaTeX Font Info:    Font shape `TU/latinmodern-math.otf(3)/m/n' will be
(Font)              scaled to size 7.99915pt on input line 139.
LaTeX Font Info:    Font shape `TU/latinmodern-math.otf(3)/m/n' will be
(Font)              scaled to size 5.99936pt on input line 139.
LaTeX Font Info:    Try loading font information for U+msa on input line 139.
(/usr/local/texlive/2019/texmf-dist/tex/latex/amsfonts/umsa.fd
File: umsa.fd 2013/01/14 v3.01 AMS symbols A
) (/usr/local/texlive/2019/texmf-dist/tex/latex/microtype/mt-msa.cfg
File: mt-msa.cfg 2006/02/04 v1.1 microtype config. file: AMS symbols (a) (RS)
)
LaTeX Font Info:    Try loading font information for U+msb on input line 139.
(/usr/local/texlive/2019/texmf-dist/tex/latex/amsfonts/umsb.fd
File: umsb.fd 2013/01/14 v3.01 AMS symbols B
) (/usr/local/texlive/2019/texmf-dist/tex/latex/microtype/mt-msb.cfg
File: mt-msb.cfg 2005/06/01 v1.0 microtype config. file: AMS symbols (b) (RS)
) [1


] [2

] (./QuantLife.toc
LaTeX Font Info:    Font shape `TU/latinmodern-math.otf(1)/m/n' will be
(Font)              scaled to size 7.0pt on input line 2.
LaTeX Font Info:    Font shape `TU/latinmodern-math.otf(1)/m/n' will be
(Font)              scaled to size 5.0pt on input line 2.
LaTeX Font Info:    Font shape `TU/latinmodern-math.otf(2)/m/n' will be
(Font)              scaled to size 10.00107pt on input line 2.
LaTeX Font Info:    Font shape `TU/latinmodern-math.otf(2)/m/n' will be
(Font)              scaled to size 7.00075pt on input line 2.
LaTeX Font Info:    Font shape `TU/latinmodern-math.otf(2)/m/n' will be
(Font)              scaled to size 5.00053pt on input line 2.
LaTeX Font Info:    Font shape `TU/latinmodern-math.otf(3)/m/n' will be
(Font)              scaled to size 9.99893pt on input line 2.
LaTeX Font Info:    Font shape `TU/latinmodern-math.otf(3)/m/n' will be
(Font)              scaled to size 6.99925pt on input line 2.
LaTeX Font Info:    Font shape `TU/latinmodern-math.otf(3)/m/n' will be
(Font)              scaled to size 4.99947pt on input line 2.
[3] [4])
\tf@toc=\write5
\openout5 = `QuantLife.toc'.

[5] [6

] [7] [8] [9] [10] [11

] [12]
Chapter 1.

Package natbib Warning: Citation `jungck_mathematical_2010' on page 13 undefine
d on input line 211.

[13

]

Package natbib Warning: Citation `cohen_mathematics_2004' on page 14 undefined 
on input line 215.


LaTeX Warning: Reference `fig:circulation' on page 14 undefined on input line 2
33.

[14]
File: ch1/Circulatory_System_no_tags_cropped.png Graphic file (type bmp)
<ch1/Circulatory_System_no_tags_cropped.png>

LaTeX Warning: Reference `fig:galen_blood' on page 15 undefined on input line 2
44.

[15]
File: ch1/galenheartc.png Graphic file (type bmp)
<ch1/galenheartc.png>
[16]
Overfull \hbox (21.70602pt too wide) detected at line 260
[] [] [][] [] [] [][] [] [] [][] [] [] [][] []
 []


Package natbib Warning: Citation `schultz_william_2002' on page 17 undefined on
 input line 263.


Underfull \vbox (badness 1122) has occurred while \output is active []

[17] [18] [19] [20] [21]
LaTeX Font Info:    Font shape `TU/lmtt/bx/n' in size <10> not available
(Font)              Font shape `TU/lmtt/b/n' tried instead on input line 355.
[22]

LaTeX Warning: Reference `ex:overflow' on page 23 undefined on input line 422.


LaTeX Warning: Reference `ex:underflow' on page 23 undefined on input line 424.



LaTeX Warning: Reference `ex:mach_prec' on page 23 undefined on input line 426.


[23] [24] [25]
Overfull \vbox (1.7757pt too high) detected at line 644
 []

[26] [27] [28]
Chapter 2.
[29

]

Package natbib Warning: Citation `smith_mathematical_1968' on page 30 undefined
 on input line 770.


Package natbib Warning: Citation `strogatz_nonlinear_2001' on page 30 undefined
 on input line 783.

[30] [31] [32] [33]
File: QuantLife_files/figure-latex/ch2-funk1-1.pdf Graphic file (type pdf)
<use QuantLife_files/figure-latex/ch2-funk1-1.pdf>
File: QuantLife_files/figure-latex/ch2-funk1-2.pdf Graphic file (type pdf)
<use QuantLife_files/figure-latex/ch2-funk1-2.pdf>

LaTeX Warning: Reference `ch2-funk1' on page 34 undefined on input line 894.


LaTeX Warning: Reference `def:ch2_linfunk' on page 34 undefined on input line 9
03.

[34]

LaTeX Warning: Reference `def:ch2_expfunk' on page 35 undefined on input line 9
05.


LaTeX Warning: Reference `fig:ch2_sigmoidal_plots' on page 35 undefined on inpu
t line 930.

[35]

LaTeX Warning: Reference `fig:ch2_sigmoidal_plots' on page 36 undefined on inpu
t line 935.


LaTeX Warning: Reference `fig:ch2_sigmoidal_plots' on page 36 undefined on inpu
t line 949.

File: QuantLife_files/figure-latex/ch2-funk2-1.pdf Graphic file (type pdf)
<use QuantLife_files/figure-latex/ch2-funk2-1.pdf>
File: QuantLife_files/figure-latex/ch2-funk2-2.pdf Graphic file (type pdf)
<use QuantLife_files/figure-latex/ch2-funk2-2.pdf>
[36] [37] [38] [39]
Overfull \hbox (6.75pt too wide) in paragraph at lines 1122--1122
[]\TU/lmtt/m/n/10 ##  [1]  1  2  3  4  5  6  7  8  9 10 11 12 13 14 15 16 17 18
 19 20[] 
 []


Overfull \hbox (90.75pt too wide) in paragraph at lines 1134--1134
[]\TU/lmtt/m/n/10 ##  [1]   0  -1  -2  -3  -4  -5  -6  -7  -8  -9 -10 -11 -12 -
13 -14 -15 -16 -17 -18[] 
 []

[40]
Overfull \hbox (17.25pt too wide) in paragraph at lines 1212--1212
[]\TU/lmtt/m/n/10 ## [1] 3.141593 3.141593 3.141593 3.141593 3.141593 3.141593 
3.141593[] 
 []


Overfull \hbox (38.25pt too wide) in paragraph at lines 1228--1228
[]\TU/lmtt/m/n/10 ##  [1]   3.141593  45.000000 912.800000   0.000000   3.14159
3  45.000000[] 
 []

[41]
Overfull \hbox (38.25pt too wide) in paragraph at lines 1228--1228
[]\TU/lmtt/m/n/10 ##  [7] 912.800000   0.000000   3.141593  45.000000 912.80000
0   0.000000[] 
 []


Overfull \hbox (38.25pt too wide) in paragraph at lines 1228--1228
[]\TU/lmtt/m/n/10 ## [13]   3.141593  45.000000 912.800000   0.000000   3.14159
3  45.000000[] 
 []


Overfull \hbox (85.5pt too wide) in paragraph at lines 1312--1312
[]\TU/lmtt/m/n/10 ## Warning in my.vec1 + my.vec2: longer object length is not 
a multiple of shorter[] 
 []

[42]
Underfull \vbox (badness 1728) has occurred while \output is active []

[43]
File: QuantLife_files/figure-latex/ch2-plot1-1.pdf Graphic file (type pdf)
<use QuantLife_files/figure-latex/ch2-plot1-1.pdf>
File: QuantLife_files/figure-latex/ch2-plot1-2.pdf Graphic file (type pdf)
<use QuantLife_files/figure-latex/ch2-plot1-2.pdf>

LaTeX Warning: Reference `fig:ch2-plot1' on page 44 undefined on input line 145
3.

[44]

LaTeX Warning: Reference `fig:ch2-plot2' on page 45 undefined on input line 146
0.

File: QuantLife_files/figure-latex/unnamed-chunk-44-1.pdf Graphic file (type pd
f)
<use QuantLife_files/figure-latex/unnamed-chunk-44-1.pdf>
[45]
File: QuantLife_files/figure-latex/unnamed-chunk-45-1.pdf Graphic file (type pd
f)
<use QuantLife_files/figure-latex/unnamed-chunk-45-1.pdf>

LaTeX Warning: Reference `fig:ch2-plot2' on page 46 undefined on input line 151
4.

[46]
File: QuantLife_files/figure-latex/ch2-plot2-1.pdf Graphic file (type pdf)
<use QuantLife_files/figure-latex/ch2-plot2-1.pdf>
File: QuantLife_files/figure-latex/ch2-plot2-2.pdf Graphic file (type pdf)
<use QuantLife_files/figure-latex/ch2-plot2-2.pdf>
[47] [48] [49] [50] [51] [52]
Chapter 3.
[53

]
File: ch3/Point_mutations-en.png Graphic file (type bmp)
<ch3/Point_mutations-en.png>

LaTeX Warning: Reference `fig:ch3_mutation' on page 54 undefined on input line 
1810.


LaTeX Warning: Reference `fig:ch3_mutation' on page 54 undefined on input line 
1812.

[54] [55]

Package natbib Warning: Citation `whitlock_analysis_2008' on page 56 undefined 
on input line 1840.

[56]
Underfull \vbox (badness 1231) has occurred while \output is active []

[57] [58] [59]
File: QuantLife_files/figure-latex/fig-ch3-bacillus-1.pdf Graphic file (type pd
f)
<use QuantLife_files/figure-latex/fig-ch3-bacillus-1.pdf>

LaTeX Warning: Reference `fig:ch3_bacillus' on page 60 undefined on input line 
1939.

[60]

LaTeX Warning: Reference `fig:ch3_mut' on page 61 undefined on input line 1946.



LaTeX Warning: Reference `fig:ch3_HR' on page 61 undefined on input line 1946.

File: QuantLife_files/figure-latex/fig-ch3-HR-1.pdf Graphic file (type pdf)
<use QuantLife_files/figure-latex/fig-ch3-HR-1.pdf>
File: QuantLife_files/figure-latex/fig-ch3-HR-2.pdf Graphic file (type pdf)
<use QuantLife_files/figure-latex/fig-ch3-HR-2.pdf>
File: QuantLife_files/figure-latex/fig-ch3-mut-1.pdf Graphic file (type pdf)
<use QuantLife_files/figure-latex/fig-ch3-mut-1.pdf>
File: QuantLife_files/figure-latex/fig-ch3-mut-2.pdf Graphic file (type pdf)
<use QuantLife_files/figure-latex/fig-ch3-mut-2.pdf>

Underfull \vbox (badness 5091) has occurred while \output is active []

[61] [62]
File: QuantLife_files/figure-latex/unnamed-chunk-58-1.pdf Graphic file (type pd
f)
<use QuantLife_files/figure-latex/unnamed-chunk-58-1.pdf>

Underfull \vbox (badness 10000) has occurred while \output is active []

[63]
File: QuantLife_files/figure-latex/unnamed-chunk-59-1.pdf Graphic file (type pd
f)
<use QuantLife_files/figure-latex/unnamed-chunk-59-1.pdf>
[64]
Overfull \hbox (27.75pt too wide) in paragraph at lines 2104--2104
[]\TU/lmtt/m/n/10 ## [1] "The standard deviation of parental height is: 1.78733
340172202"[] 
 []


Overfull \hbox (17.25pt too wide) in paragraph at lines 2114--2114
[]\TU/lmtt/m/n/10 ## [1] "The standard deviation of  child height is: 2.5179413
6627677"[] 
 []

[65]
File: QuantLife_files/figure-latex/unnamed-chunk-61-1.pdf Graphic file (type pd
f)
<use QuantLife_files/figure-latex/unnamed-chunk-61-1.pdf>
File: QuantLife_files/figure-latex/unnamed-chunk-61-2.pdf Graphic file (type pd
f)
<use QuantLife_files/figure-latex/unnamed-chunk-61-2.pdf>
[66] [67] [68] [69] [70

]
Chapter 4.
[71]

LaTeX Warning: Reference `fig:HRTemp_scatterplot' on page 72 undefined on input
 line 2394.

File: QuantLife_files/figure-latex/HRTemp-scatter-1.pdf Graphic file (type pdf)

<use QuantLife_files/figure-latex/HRTemp-scatter-1.pdf>
File: QuantLife_files/figure-latex/HRTemp-scatter-2.pdf Graphic file (type pdf)

<use QuantLife_files/figure-latex/HRTemp-scatter-2.pdf>
[72] [73] [74]

Package natbib Warning: Citation `press_numerical_2007' on page 75 undefined on
 input line 2459.


Package natbib Warning: Citation `whitlock_analysis_2008' on page 75 undefined 
on input line 2473.

[75]

Package natbib Warning: Citation `sloan_cooling_1973' on page 76 undefined on i
nput line 2488.


Package natbib Warning: Citation `sloan_cooling_1973' on page 76 undefined on i
nput line 2488.

[76]
File: ch8/Correlation_examples.png Graphic file (type bmp)
<ch8/Correlation_examples.png>
[77]

LaTeX Warning: Reference `sec:math4' on page 78 undefined on input line 2550.

[78]
File: ch8/penguin_HR.png Graphic file (type bmp)
<ch8/penguin_HR.png>

Underfull \vbox (badness 10000) has occurred while \output is active []

[79] [80]

LaTeX Warning: Reference `fig:linreg_HRTemp' on page 81 undefined on input line
 2644.

File: QuantLife_files/figure-latex/linreg-HRTemp-1.pdf Graphic file (type pdf)
<use QuantLife_files/figure-latex/linreg-HRTemp-1.pdf>
File: QuantLife_files/figure-latex/linreg-HRTemp-2.pdf Graphic file (type pdf)
<use QuantLife_files/figure-latex/linreg-HRTemp-2.pdf>
[81] [82]

LaTeX Warning: Reference `fig:linreg_HRTemp' on page 83 undefined on input line
 2669.

[83]
File: QuantLife_files/figure-latex/unnamed-chunk-78-1.pdf Graphic file (type pd
f)
<use QuantLife_files/figure-latex/unnamed-chunk-78-1.pdf>
File: QuantLife_files/figure-latex/unnamed-chunk-79-1.pdf Graphic file (type pd
f)
<use QuantLife_files/figure-latex/unnamed-chunk-79-1.pdf>

Underfull \vbox (badness 8113) has occurred while \output is active []

[84]

Package natbib Warning: Citation `senn_francis_2011' on page 85 undefined on in
put line 2765.

[85]
File: QuantLife_files/figure-latex/linreg-Galton-1.pdf Graphic file (type pdf)
<use QuantLife_files/figure-latex/linreg-Galton-1.pdf>
File: QuantLife_files/figure-latex/linreg-Galton-2.pdf Graphic file (type pdf)
<use QuantLife_files/figure-latex/linreg-Galton-2.pdf>
[86]

LaTeX Warning: Reference `fig:regression2mean' on page 87 undefined on input li
ne 2796.


Package natbib Warning: Citation `kong_rate_2012' on page 87 undefined on input
 line 2801.


Underfull \vbox (badness 2334) has occurred while \output is active []

[87] [88] [89] [90

] [91] [92]
Chapter 5.
[93

]

LaTeX Warning: Reference `fig:ch14_cell_div' on page 94 undefined on input line
 3001.

[94]
File: ch14/Ecoli_dividing.png Graphic file (type bmp)
<ch14/Ecoli_dividing.png>
[95]

Package natbib Warning: Citation `allman_mathematical_2003' on page 96 undefine
d on input line 3028.


Package natbib Warning: Citation `edelstein-keshet_mathematical_2005' on page 9
6 undefined on input line 3046.

[96] [97] [98]
File: QuantLife_files/figure-latex/ch14-sol-1.pdf Graphic file (type pdf)
<use QuantLife_files/figure-latex/ch14-sol-1.pdf>
File: QuantLife_files/figure-latex/ch14-sol-2.pdf Graphic file (type pdf)
<use QuantLife_files/figure-latex/ch14-sol-2.pdf>

LaTeX Warning: Reference `fig:ch14_solutions' on page 99 undefined on input lin
e 3141.

[99] [100] [101] [102] [103]
File: QuantLife_files/figure-latex/unnamed-chunk-96-1.pdf Graphic file (type pd
f)
<use QuantLife_files/figure-latex/unnamed-chunk-96-1.pdf>
[104] [105] [106]
Chapter 6.
[107

] [108] [109] [110] [111] [112] [113] [114] [115] [116] [117] [118] [119]

Package longtable Warning: Column widths have changed
(longtable)                in table 6.1 on input line 3896.

[120]

Package longtable Warning: Column widths have changed
(longtable)                in table 6.2 on input line 3913.

[121] [122]
File: QuantLife_files/figure-latex/fig-FE-sol-1.pdf Graphic file (type pdf)
<use QuantLife_files/figure-latex/fig-FE-sol-1.pdf>
[123]
File: QuantLife_files/figure-latex/unnamed-chunk-112-1.pdf Graphic file (type p
df)
<use QuantLife_files/figure-latex/unnamed-chunk-112-1.pdf>

Underfull \vbox (badness 10000) has occurred while \output is active []

[124]
File: QuantLife_files/figure-latex/unnamed-chunk-113-1.pdf Graphic file (type p
df)
<use QuantLife_files/figure-latex/unnamed-chunk-113-1.pdf>
[125] [126] [127]

Package natbib Warning: Citation `rosenbaum_basic_2011' on page 128 undefined o
n input line 4153.


LaTeX Warning: Reference `fig:ch15_drug_conc' on page 128 undefined on input li
ne 4155.


LaTeX Warning: Reference `fig:ch15_drug_conc' on page 128 undefined on input li
ne 4155.

File: ch15/aa35graf.png Graphic file (type bmp)
<ch15/aa35graf.png>
File: ch15/2000px-Bupropion_bioequivalency.png Graphic file (type bmp)
<ch15/2000px-Bupropion_bioequivalency.png>
[128] [129] [130] [131] [132] [133] [134

]
Chapter 7.
[135]

Package natbib Warning: Citation `otto_biologists_2007' on page 136 undefined o
n input line 4398.

[136] [137]
File: QuantLife_files/figure-latex/ch7-flow1-1.pdf Graphic file (type pdf)
<use QuantLife_files/figure-latex/ch7-flow1-1.pdf>
File: QuantLife_files/figure-latex/ch7-flow1-2.pdf Graphic file (type pdf)
<use QuantLife_files/figure-latex/ch7-flow1-2.pdf>

LaTeX Warning: Reference `fig:ch16_flow_linear' on page 138 undefined on input 
line 4437.


LaTeX Warning: Reference `fig:ch16_flow_linear' on page 138 undefined on input 
line 4437.


Underfull \vbox (badness 1168) has occurred while \output is active []

[138]

LaTeX Warning: Reference `fig:ch16_flow_logistic' on page 139 undefined on inpu
t line 4442.


LaTeX Warning: Reference `fig:ch16_flow_logistic' on page 139 undefined on inpu
t line 4442.

File: QuantLife_files/figure-latex/ch7-flow2-1.pdf Graphic file (type pdf)
<use QuantLife_files/figure-latex/ch7-flow2-1.pdf>
File: QuantLife_files/figure-latex/ch7-flow2-2.pdf Graphic file (type pdf)
<use QuantLife_files/figure-latex/ch7-flow2-2.pdf>
[139]

LaTeX Warning: Reference `def:ch16_fixedpt' on page 140 undefined on input line
 4474.

[140]

Package natbib Warning: Citation `strogatz_nonlinear_2001' on page 141 undefine
d on input line 4490.

[141]

LaTeX Warning: Reference `fig:ch16_flow_linear' on page 142 undefined on input 
line 4524.


LaTeX Warning: Reference `fig:ch16_flow_logistic' on page 142 undefined on inpu
t line 4527.

[142]

LaTeX Warning: Reference `fig:ch16_flow_logistic' on page 143 undefined on inpu
t line 4539.


LaTeX Warning: Reference `fig:ch16_flow_semi' on page 143 undefined on input li
ne 4544.


LaTeX Warning: Reference `fig:ch16_flow_semi' on page 143 undefined on input li
ne 4556.


LaTeX Warning: Reference `fig:ch16_flow_semi' on page 143 undefined on input li
ne 4559.

[143]
File: QuantLife_files/figure-latex/ch7-flow3-1.pdf Graphic file (type pdf)
<use QuantLife_files/figure-latex/ch7-flow3-1.pdf>
File: QuantLife_files/figure-latex/ch7-flow3-2.pdf Graphic file (type pdf)
<use QuantLife_files/figure-latex/ch7-flow3-2.pdf>
[144]
Overfull \hbox (4.28851pt too wide) detected at line 4588
[] [] [][][][][][][] [] [][][][][][][][][] [] [][] [] [] [][][][][][] [][][][][
][]  [][][][] [] [][][]  [][][][] [] [][][][]
 []

[145] [146]
File: QuantLife_files/figure-latex/unnamed-chunk-126-1.pdf Graphic file (type p
df)
<use QuantLife_files/figure-latex/unnamed-chunk-126-1.pdf>
[147] [148]
Missing character: There is no  in font [lmroman10-regular]:mapping=tex-text;!
Missing character: There is no  in font [lmroman10-regular]:mapping=tex-text;!
Missing character: There is no  in font [lmroman10-regular]:mapping=tex-text;!
Missing character: There is no  in font [lmroman10-regular]:mapping=tex-text;!
Missing character: There is no  in font [lmroman10-regular]:mapping=tex-text;!
Missing character: There is no  in font [lmroman10-regular]:mapping=tex-text;!
Missing character: There is no  in font [lmroman10-regular]:mapping=tex-text;!
File: QuantLife_files/figure-latex/ch7-flow-sis1-1.pdf Graphic file (type pdf)
<use QuantLife_files/figure-latex/ch7-flow-sis1-1.pdf>
File: QuantLife_files/figure-latex/ch7-flow-sis1-2.pdf Graphic file (type pdf)
<use QuantLife_files/figure-latex/ch7-flow-sis1-2.pdf>
File: QuantLife_files/figure-latex/ch7-flow-sis2-1.pdf Graphic file (type pdf)
<use QuantLife_files/figure-latex/ch7-flow-sis2-1.pdf>
File: QuantLife_files/figure-latex/ch7-flow-sis2-2.pdf Graphic file (type pdf)
<use QuantLife_files/figure-latex/ch7-flow-sis2-2.pdf>
Missing character: There is no  in font [lmroman10-regular]:mapping=tex-text;!
Missing character: There is no  in font [lmroman10-regular]:mapping=tex-text;!
Missing character: There is no  in font [lmroman10-regular]:mapping=tex-text;!
Missing character: There is no  in font [lmroman10-regular]:mapping=tex-text;!

LaTeX Warning: Reference `fig:ch16_flow_sis1' on page 149 undefined on input li
ne 4774.


LaTeX Warning: Reference `fig:ch16_flow_sis1' on page 149 undefined on input li
ne 4774.

[149] [150] [151]

LaTeX Warning: Reference `fig:ch16_flow_sis2' on page 152 undefined on input li
ne 4776.


Package natbib Warning: Citation `brauer_mathematical_2011' on page 152 undefin
ed on input line 4778.


LaTeX Warning: Reference `fig:ch16-ebola' on page 152 undefined on input line 4
780.


Package natbib Warning: Citation `brauer_mathematical_2011' on page 152 undefin
ed on input line 4780.

File: QuantLife_files/figure-latex/ch7-ebola-1.pdf Graphic file (type pdf)
<use QuantLife_files/figure-latex/ch7-ebola-1.pdf>
File: QuantLife_files/figure-latex/ch7-ebola-2.pdf Graphic file (type pdf)
<use QuantLife_files/figure-latex/ch7-ebola-2.pdf>
[152] [153]

Package natbib Warning: Citation `agusto_mathematical_2015' on page 154 undefin
ed on input line 4807.

File: QuantLife_files/figure-latex/unnamed-chunk-131-1.pdf Graphic file (type p
df)
<use QuantLife_files/figure-latex/unnamed-chunk-131-1.pdf>
[154] [155] [156] [157] [158

] [159] [160]
Chapter 8.
[161

]
File: ch4/sample_space.png Graphic file (type bmp)
<ch4/sample_space.png>

LaTeX Warning: Reference `fig:ch4_sample_space' on page 162 undefined on input 
line 5065.

[162]

Package natbib Warning: Citation `feller_introduction_????' on page 163 undefin
ed on input line 5069.

[163]

LaTeX Warning: Reference `fig:ch4_sample_space' on page 164 undefined on input 
line 5104.

File: ch4/set_intersection.png Graphic file (type bmp)
<ch4/set_intersection.png>
File: ch4/set_union.png Graphic file (type bmp)
<ch4/set_union.png>
File: ch4/set_subtraction.png Graphic file (type bmp)
<ch4/set_subtraction.png>

LaTeX Warning: Reference `fig:ch4_sample_space' on page 164 undefined on input 
line 5124.

[164] [165] [166]

Package natbib Warning: Citation `feller_introduction_????' on page 167 undefin
ed on input line 5161.

[167] [168] [169] [170] [171] [172]
File: QuantLife_files/figure-latex/unif-dist-1.pdf Graphic file (type pdf)
<use QuantLife_files/figure-latex/unif-dist-1.pdf>
File: QuantLife_files/figure-latex/unif-dist-2.pdf Graphic file (type pdf)
<use QuantLife_files/figure-latex/unif-dist-2.pdf>
[173] [174] [175] [176]
File: QuantLife_files/figure-latex/bin-dist-1-1.pdf Graphic file (type pdf)
<use QuantLife_files/figure-latex/bin-dist-1-1.pdf>
File: QuantLife_files/figure-latex/bin-dist-1-2.pdf Graphic file (type pdf)
<use QuantLife_files/figure-latex/bin-dist-1-2.pdf>
File: QuantLife_files/figure-latex/bin-dist-2-1.pdf Graphic file (type pdf)
<use QuantLife_files/figure-latex/bin-dist-2-1.pdf>
File: QuantLife_files/figure-latex/bin-dist-2-2.pdf Graphic file (type pdf)
<use QuantLife_files/figure-latex/bin-dist-2-2.pdf>
File: QuantLife_files/figure-latex/bin-dist-3-1.pdf Graphic file (type pdf)
<use QuantLife_files/figure-latex/bin-dist-3-1.pdf>
File: QuantLife_files/figure-latex/bin-dist-3-2.pdf Graphic file (type pdf)
<use QuantLife_files/figure-latex/bin-dist-3-2.pdf>

LaTeX Warning: Reference `def:ch4_mean' on page 177 undefined on input line 543
3.


LaTeX Warning: Reference `def:ch4_var' on page 177 undefined on input line 5433
.


LaTeX Warning: Reference `eq:ch4_mean_unif' on page 177 undefined on input line
 5433.


LaTeX Warning: Reference `eq:ch4_var_unif' on page 177 undefined on input line 
5433.


LaTeX Warning: Reference `eq:ch4_binom_mean' on page 177 undefined on input lin
e 5433.


LaTeX Warning: Reference `eq:ch4_binom_var' on page 177 undefined on input line
 5433.


LaTeX Warning: Reference `fig:unif-dist' on page 177 undefined on input line 54
38.


LaTeX Warning: Reference `fig:bin-dist-1' on page 177 undefined on input line 5
440.


LaTeX Warning: Reference `fig:bin-dist-2' on page 177 undefined on input line 5
442.


LaTeX Warning: Reference `fig:bin-dist-3' on page 177 undefined on input line 5
444.

[177] [178]

LaTeX Warning: Reference `eq:ch4_binom_dist' on page 179 undefined on input lin
e 5454.

[179] [180] [181]
File: QuantLife_files/figure-latex/bin-dist-4-1.pdf Graphic file (type pdf)
<use QuantLife_files/figure-latex/bin-dist-4-1.pdf>
File: QuantLife_files/figure-latex/bin-dist-4-2.pdf Graphic file (type pdf)
<use QuantLife_files/figure-latex/bin-dist-4-2.pdf>
[182] [183] [184

]
Chapter 9.
[185] [186] [187] [188]

Package natbib Warning: Citation `whitlock_analysis_2008' on page 189 undefined
 on input line 5692.

File: ch5/normal_dist_example.png Graphic file (type bmp)
<ch5/normal_dist_example.png>

LaTeX Warning: Reference `fig:ch5_normal_dist' on page 189 undefined on input l
ine 5702.

[189] [190]

Package natbib Warning: Citation `whitlock_analysis_2008' on page 191 undefined
 on input line 5726.

[191]
File: ch5/standard-deviation-tikz.png Graphic file (type bmp)
<ch5/standard-deviation-tikz.png>

LaTeX Warning: Reference `fig:ch5_sigma_levels' on page 192 undefined on input 
line 5742.

[192]

LaTeX Warning: Reference `sec:proj5' on page 193 undefined on input line 5744.

[193]
Underfull \vbox (badness 6396) has occurred while \output is active []

[194]
Overfull \hbox (38.25pt too wide) in paragraph at lines 5806--5806
[]\TU/lmtt/m/n/10 ##  [1] 0.49240915 0.80199500 0.22788038 0.06003781 0.8892908
7 0.95645231[] 
 []


Overfull \hbox (38.25pt too wide) in paragraph at lines 5828--5828
[]\TU/lmtt/m/n/10 ##  [1] 0.07194764 0.92833155 0.65420946 0.30879086 0.4711614
2 0.07211446[] 
 []


LaTeX Warning: Reference `fig:data_samplemeans' on page 195 undefined on input 
line 5842.


LaTeX Warning: Reference `fig:data_samplemeans' on page 195 undefined on input 
line 5842.

[195]
File: QuantLife_files/figure-latex/sample-dist-1.pdf Graphic file (type pdf)
<use QuantLife_files/figure-latex/sample-dist-1.pdf>
File: QuantLife_files/figure-latex/sample-dist-2.pdf Graphic file (type pdf)
<use QuantLife_files/figure-latex/sample-dist-2.pdf>

LaTeX Warning: Reference `(' on page 196 undefined on input line 5876.

File: QuantLife_files/figure-latex/clt-demo-1.pdf Graphic file (type pdf)
<use QuantLife_files/figure-latex/clt-demo-1.pdf>
File: QuantLife_files/figure-latex/clt-demo-2.pdf Graphic file (type pdf)
<use QuantLife_files/figure-latex/clt-demo-2.pdf>

LaTeX Warning: Reference `sec:math5_2' on page 196 undefined on input line 5890
.

[196] [197] [198]
Underfull \vbox (badness 1796) has occurred while \output is active []

[199] [200]
Chapter 10.
[201

]

LaTeX Warning: Reference `tab:data_table_DS_age' on page 202 undefined on input
 line 5998.


Package longtable Warning: Column widths have changed
(longtable)                in table 10.1 on input line 6009.


Package natbib Warning: Citation `malone_first-trimester_2005' on page 202 unde
fined on input line 6011.


Underfull \vbox (badness 10000) has occurred while \output is active []

[202]
File: ch6/cond_prob_tikz.png Graphic file (type bmp)
<ch6/cond_prob_tikz.png>

LaTeX Warning: Reference `fig:ch6_cond_prob' on page 203 undefined on input lin
e 6043.


LaTeX Warning: Reference `fig:ch6_cond_prob' on page 203 undefined on input lin
e 6045.

[203] [204]

LaTeX Warning: Reference `tab:data_table_DS_age' on page 205 undefined on input
 line 6047.

File: ch6/mendel_flowers.png Graphic file (type bmp)
<ch6/mendel_flowers.png>

LaTeX Warning: Reference `fig:mendel_flowers' on page 205 undefined on input li
ne 6062.

[205] [206]

LaTeX Warning: Reference `fig:ch6_cond_prob' on page 207 undefined on input lin
e 6093.

File: ch6/indep_ex1.png Graphic file (type bmp)
<ch6/indep_ex1.png>
File: ch6/indep_ex2.png Graphic file (type bmp)
<ch6/indep_ex2.png>

Underfull \vbox (badness 10000) has occurred while \output is active []

[207]
File: ch6/indep_ex3.png Graphic file (type bmp)
<ch6/indep_ex3.png>

LaTeX Warning: Reference `fig:ch6_indep_ex' on page 208 undefined on input line
 6107.

[208] [209]

LaTeX Warning: Reference `tab:data_table_DS_age' on page 210 undefined on input
 line 6140.

Missing character: There is no  in font [lmroman10-regular]:mapping=tex-text;!
[210]

LaTeX Warning: Reference `tab:exp_table_DS_age' on page 211 undefined on input 
line 6146.


Package longtable Warning: Column widths have changed
(longtable)                in table 10.2 on input line 6157.


LaTeX Warning: Reference `tab:data_table_DS_age' on page 211 undefined on input
 line 6161.


Package longtable Warning: Column widths have changed
(longtable)                in table 10.3 on input line 6172.

[211] [212]
Chapter 11.
[213

] [214] [215]

LaTeX Warning: Reference `tab:TB_test' on page 216 undefined on input line 6292
.

[216]

Package natbib Warning: Citation `whitlock_analysis_2008' on page 217 undefined
 on input line 6323.

[217] [218]

LaTeX Warning: Reference `sec:math5' on page 219 undefined on input line 6345.

File: ch6/Chi-Squared_Distribution.png Graphic file (type bmp)
<ch6/Chi-Squared_Distribution.png>

LaTeX Warning: Reference `fig:ch6_chisq_dist' on page 219 undefined on input li
ne 6353.

[219] [220]

LaTeX Warning: Reference `sec:model6' on page 221 undefined on input line 6435.


[221]

Package natbib Warning: Citation `_stop-and-frisk_????' on page 222 undefined o
n input line 6459.

[222]

Package natbib Warning: Citation `_nypds_????' on page 223 undefined on input l
ine 6465.


LaTeX Warning: Reference `tab:stop_frisk_race' on page 223 undefined on input l
ine 6465.

[223] [224

]
Chapter 12.
[225]

LaTeX Warning: File `https://imgs.xkcd.com/comics/frequentists_vs_bayesians.png
' not found on input line 6537.

! Unable to load picture or PDF file 'https://imgs.xkcd.com/comics/frequentists
_vs_bayesians.png'.
<to be read again> 
                   }
l.6537 ...om/comics/frequentists_vs_bayesians.png}
                                                   
Here is how much of TeX's memory you used:
 29168 strings out of 492909
 539952 string characters out of 6132923
 764001 words of memory out of 5000000
 32851 multiletter control sequences out of 15000+600000
 538772 words of font info for 82 fonts, out of 8000000 for 9000
 1348 hyphenation exceptions out of 8191
 58i,11n,115p,1885b,461s stack positions out of 5000i,500n,10000p,200000b,80000s

Output written on QuantLife.pdf (225 pages).
